<?xml version="1.0" encoding="UTF-8"?>
<testsuite xmlns:xsi="http://www.w3.org/2001/XMLSchema-instance" xsi:noNamespaceSchemaLocation="https://maven.apache.org/surefire/maven-surefire-plugin/xsd/surefire-test-report-3.0.xsd" version="3.0" name="com.endava.calculator.CalculatorTest" time="0.159" tests="22" errors="0" skipped="0" failures="0">
  <properties>
[...]
</properties>
  <testcase name="shouldMultiply1Number" classname="com.endava.calculator.CalculatorTest" time="0.017">
    <system-out><![CDATA[Before All

Before Each
2
After Each
]]></system-out>
  </testcase>
  <testcase name="shouldMultiplyWith0" classname="com.endava.calculator.CalculatorTest" time="0.001">
    <system-out><![CDATA[
Before Each
0
After Each
]]></system-out>
  </testcase>
  <testcase name="shouldRaiseExponent" classname="com.endava.calculator.CalculatorTest" time="0.001">
    <system-out><![CDATA[
Before Each
8.0
After Each
]]></system-out>
  </testcase>
  <testcase name="shouldMultiplyNegativeNumbers" classname="com.endava.calculator.CalculatorTest" time="0.002">
    <system-out><![CDATA[
Before Each
-6
After Each
]]></system-out>
  </testcase>
  <testcase name="shouldMultiplyMoreNumbers" classname="com.endava.calculator.CalculatorTest" time="0.001">
    <system-out><![CDATA[
Before Each
24
After Each
]]></system-out>
  </testcase>
  <testcase name="shouldRaiseNegativeExponent" classname="com.endava.calculator.CalculatorTest" time="0.002">
    <system-out><![CDATA[
Before Each
0.125
After Each
]]></system-out>
  </testcase>
  <testcase name="shouldAddNoOperands" classname="com.endava.calculator.CalculatorTest" time="0">
    <system-out><![CDATA[
Before Each
0
After Each
]]></system-out>
  </testcase>
  <testcase name="shouldGiveFactorial" classname="com.endava.calculator.CalculatorTest" time="0.001">
    <system-out><![CDATA[
Before Each
120
After Each
]]></system-out>
  </testcase>
  <testcase name="shouldAddMoreThan2Operands(int, int, int, Long)[1]" classname="com.endava.calculator.CalculatorTest" time="0.019">
    <system-out><![CDATA[
Before Each
After Each
]]></system-out>
  </testcase>
  <testcase name="shouldAddMoreThan2Operands(int, int, int, Long)[2]" classname="com.endava.calculator.CalculatorTest" time="0.002">
    <system-out><![CDATA[
Before Each
After Each
]]></system-out>
  </testcase>
  <testcase name="shouldAddMoreThan2Operands(int, int, int, Long)[3]" classname="com.endava.calculator.CalculatorTest" time="0.001">
    <system-out><![CDATA[
Before Each
After Each
]]></system-out>
  </testcase>
  <testcase name="shouldAddMoreThan2Operands(int, int, int, Long)[4]" classname="com.endava.calculator.CalculatorTest" time="0.001">
    <system-out><![CDATA[
Before Each
After Each
]]></system-out>
  </testcase>
  <testcase name="shouldAddMoreThan2Operands(int, int, int, Long)[5]" classname="com.endava.calculator.CalculatorTest" time="0.002">
    <system-out><![CDATA[
Before Each
After Each
]]></system-out>
  </testcase>
  <testcase name="shouldAddNumbersGivenOperand0(int, int, long)[1]" classname="com.endava.calculator.CalculatorTest" time="0.001">
    <system-out><![CDATA[
Before Each
After Each
]]></system-out>
  </testcase>
  <testcase name="shouldAddNumbersGivenOperand0(int, int, long)[2]" classname="com.endava.calculator.CalculatorTest" time="0.001">
    <system-out><![CDATA[
Before Each
After Each
]]></system-out>
  </testcase>
  <testcase name="shouldRaiseBaseWith0" classname="com.endava.calculator.CalculatorTest" time="0.002">
    <system-out><![CDATA[
Before Each
1.0
After Each
]]></system-out>
  </testcase>
  <testcase name="shouldRaise0WithNegativeExponent" classname="com.endava.calculator.CalculatorTest" time="0.001">
    <system-out><![CDATA[
Before Each
Infinity
After Each
]]></system-out>
  </testcase>
  <testcase name="shouldRaise0BaseWith0Exponent" classname="com.endava.calculator.CalculatorTest" time="0.001">
    <system-out><![CDATA[
Before Each
1.0
After Each
]]></system-out>
  </testcase>
  <testcase name="shouldAddNegativeNumbers" classname="com.endava.calculator.CalculatorTest" time="0.004">
    <system-out><![CDATA[
Before Each
After Each
]]></system-out>
  </testcase>
  <testcase name="shouldMultiply2Numbers" classname="com.endava.calculator.CalculatorTest" time="0.002">
    <system-out><![CDATA[
Before Each
6
After Each
]]></system-out>
  </testcase>
  <testcase name="shouldAddOneOperand" classname="com.endava.calculator.CalculatorTest" time="0.001">
    <system-out><![CDATA[
Before Each
167
After Each
]]></system-out>
  </testcase>
  <testcase name="shouldGiveNegativeFactorial" classname="com.endava.calculator.CalculatorTest" time="0">
    <system-out><![CDATA[
Before Each
1
After Each
]]></system-out>
  </testcase>
</testsuite>